1024	8	DM	0.00	40	16	1
1024	8	2W	0.60	16	16	2
1024	8	4W	0.60	16	16	4
1024	8	FA	0.60	16	16	128
1024	16	DM	0.00	80	32	1
1024	16	2W	0.60	32	32	2
1024	16	4W	0.60	32	32	4
1024	16	FA	0.60	32	32	64
1024	32	DM	0.00	160	64	1
1024	32	2W	0.60	64	64	2
1024	32	4W	0.60	64	64	4
1024	32	FA	0.60	64	64	32
1024	64	DM	0.00	320	128	1
1024	64	2W	0.60	128	128	2
1024	64	4W	0.60	128	128	4
1024	64	FA	0.60	128	128	16
4096	8	DM	0.00	40	16	1
4096	8	2W	0.60	16	16	2
4096	8	4W	0.60	16	16	4
4096	8	FA	0.60	16	16	512
4096	16	DM	0.00	80	32	1
4096	16	2W	0.60	32	32	2
4096	16	4W	0.60	32	32	4
4096	16	FA	0.60	32	32	256
4096	32	DM	0.00	160	64	1
4096	32	2W	0.60	64	64	2
4096	32	4W	0.60	64	64	4
4096	32	FA	0.60	64	64	128
4096	64	DM	0.00	320	128	1
4096	64	2W	0.60	128	128	2
4096	64	4W	0.60	128	128	4
4096	64	FA	0.60	128	128	64
16384	8	DM	0.00	40	16	1
16384	8	2W	0.60	16	16	2
16384	8	4W	0.60	16	16	4
16384	8	FA	0.60	16	16	2048
16384	16	DM	0.00	80	32	1
16384	16	2W	0.60	32	32	2
16384	16	4W	0.60	32	32	4
16384	16	FA	0.60	32	32	1024
16384	32	DM	0.00	160	64	1
16384	32	2W	0.60	64	64	2
16384	32	4W	0.60	64	64	4
16384	32	FA	0.60	64	64	512
16384	64	DM	0.00	320	128	1
16384	64	2W	0.60	128	128	2
16384	64	4W	0.60	128	128	4
16384	64	FA	0.60	128	128	256
65536	8	DM	0.00	40	16	1
65536	8	2W	0.60	16	16	2
65536	8	4W	0.60	16	16	4
65536	8	FA	0.60	16	16	8192
65536	16	DM	0.00	80	32	1
65536	16	2W	0.60	32	32	2
65536	16	4W	0.60	32	32	4
65536	16	FA	0.60	32	32	4096
65536	32	DM	0.00	160	64	1
65536	32	2W	0.60	64	64	2
65536	32	4W	0.60	64	64	4
65536	32	FA	0.60	64	64	2048
65536	64	DM	0.00	320	128	1
65536	64	2W	0.60	128	128	2
65536	64	4W	0.60	128	128	4
65536	64	FA	0.60	128	128	1024
