1024	8	DM	0.00	24	8	1
1024	8	2W	0.00	24	8	2
1024	8	4W	0.00	24	8	4
1024	8	FA	0.00	24	8	128
1024	16	DM	0.00	48	16	1
1024	16	2W	0.33	32	16	2
1024	16	4W	0.33	32	16	4
1024	16	FA	0.33	32	16	64
1024	32	DM	0.00	96	32	1
1024	32	2W	0.33	64	32	2
1024	32	4W	0.33	64	32	4
1024	32	FA	0.33	64	32	32
1024	64	DM	0.00	192	64	1
1024	64	2W	0.33	128	64	2
1024	64	4W	0.33	128	64	4
1024	64	FA	0.33	128	64	16
4096	8	DM	0.00	24	8	1
4096	8	2W	0.00	24	8	2
4096	8	4W	0.00	24	8	4
4096	8	FA	0.00	24	8	512
4096	16	DM	0.00	48	16	1
4096	16	2W	0.33	32	16	2
4096	16	4W	0.33	32	16	4
4096	16	FA	0.33	32	16	256
4096	32	DM	0.00	96	32	1
4096	32	2W	0.33	64	32	2
4096	32	4W	0.33	64	32	4
4096	32	FA	0.33	64	32	128
4096	64	DM	0.00	192	64	1
4096	64	2W	0.33	128	64	2
4096	64	4W	0.33	128	64	4
4096	64	FA	0.33	128	64	64
16384	8	DM	0.00	24	8	1
16384	8	2W	0.00	24	8	2
16384	8	4W	0.00	24	8	4
16384	8	FA	0.00	24	8	2048
16384	16	DM	0.00	48	16	1
16384	16	2W	0.33	32	16	2
16384	16	4W	0.33	32	16	4
16384	16	FA	0.33	32	16	1024
16384	32	DM	0.00	96	32	1
16384	32	2W	0.33	64	32	2
16384	32	4W	0.33	64	32	4
16384	32	FA	0.33	64	32	512
16384	64	DM	0.00	192	64	1
16384	64	2W	0.33	128	64	2
16384	64	4W	0.33	128	64	4
16384	64	FA	0.33	128	64	256
65536	8	DM	0.00	24	8	1
65536	8	2W	0.00	24	8	2
65536	8	4W	0.00	24	8	4
65536	8	FA	0.00	24	8	8192
65536	16	DM	0.00	48	16	1
65536	16	2W	0.33	32	16	2
65536	16	4W	0.33	32	16	4
65536	16	FA	0.33	32	16	4096
65536	32	DM	0.00	96	32	1
65536	32	2W	0.33	64	32	2
65536	32	4W	0.33	64	32	4
65536	32	FA	0.33	64	32	2048
65536	64	DM	0.00	192	64	1
65536	64	2W	0.33	128	64	2
65536	64	4W	0.33	128	64	4
65536	64	FA	0.33	128	64	1024
